Determining if the pthread_create exist failed with the following output:
Change Dir: /informatik1/students/home/9reinert/pc20_ws/build/CMakeFiles/CMakeTmp

Run Build Command:"/usr/bin/make" "cmTC_2b5fc/fast"
make: Warnung: Datei „Makefile“ hat hat in der Zukunft liegende Änderungszeit 0,12
/usr/bin/make -f CMakeFiles/cmTC_2b5fc.dir/build.make CMakeFiles/cmTC_2b5fc.dir/build
make[1]: Verzeichnis „/informatik1/students/home/9reinert/pc20_ws/build/CMakeFiles/CMakeTmp“ wird betreten
make[1]: Warnung: Datei „CMakeFiles/cmTC_2b5fc.dir/flags.make“ hat hat in der Zukunft liegende Änderungszeit 0,099
Building C object CMakeFiles/cmTC_2b5fc.dir/CheckSymbolExists.c.o
/usr/bin/cc    -o CMakeFiles/cmTC_2b5fc.dir/CheckSymbolExists.c.o   -c /informatik1/students/home/9reinert/pc20_ws/build/CMakeFiles/CMakeTmp/CheckSymbolExists.c
Linking C executable cmTC_2b5fc
/usr/bin/cmake -E cmake_link_script CMakeFiles/cmTC_2b5fc.dir/link.txt --verbose=1
/usr/bin/cc      -rdynamic CMakeFiles/cmTC_2b5fc.dir/CheckSymbolExists.c.o  -o cmTC_2b5fc 
CMakeFiles/cmTC_2b5fc.dir/CheckSymbolExists.c.o: In Funktion »main«:
CheckSymbolExists.c:(.text+0x1b): Warnung: undefinierter Verweis auf »pthread_create«
collect2: error: ld returned 1 exit status
CMakeFiles/cmTC_2b5fc.dir/build.make:97: recipe for target 'cmTC_2b5fc' failed
make[1]: *** [cmTC_2b5fc] Error 1
make[1]: Verzeichnis „/informatik1/students/home/9reinert/pc20_ws/build/CMakeFiles/CMakeTmp“ wird verlassen
Makefile:126: recipe for target 'cmTC_2b5fc/fast' failed
make: *** [cmTC_2b5fc/fast] Error 2

File /informatik1/students/home/9reinert/pc20_ws/build/CMakeFiles/CMakeTmp/CheckSymbolExists.c:
/* */
#include <pthread.h>

int main(int argc, char** argv)
{
  (void)argv;
#ifndef pthread_create
  return ((int*)(&pthread_create))[argc];
#else
  (void)argc;
  return 0;
#endif
}

Determining if the function pthread_create exists in the pthreads failed with the following output:
Change Dir: /informatik1/students/home/9reinert/pc20_ws/build/CMakeFiles/CMakeTmp

Run Build Command:"/usr/bin/make" "cmTC_09e2b/fast"
make: Warnung: Datei „Makefile“ hat hat in der Zukunft liegende Änderungszeit 0,12
/usr/bin/make -f CMakeFiles/cmTC_09e2b.dir/build.make CMakeFiles/cmTC_09e2b.dir/build
make[1]: Verzeichnis „/informatik1/students/home/9reinert/pc20_ws/build/CMakeFiles/CMakeTmp“ wird betreten
make[1]: Warnung: Datei „CMakeFiles/cmTC_09e2b.dir/flags.make“ hat hat in der Zukunft liegende Änderungszeit 0,11
Building C object CMakeFiles/cmTC_09e2b.dir/CheckFunctionExists.c.o
/usr/bin/cc   -DCHECK_FUNCTION_EXISTS=pthread_create   -o CMakeFiles/cmTC_09e2b.dir/CheckFunctionExists.c.o   -c /usr/share/cmake-3.10/Modules/CheckFunctionExists.c
Linking C executable cmTC_09e2b
/usr/bin/cmake -E cmake_link_script CMakeFiles/cmTC_09e2b.dir/link.txt --verbose=1
/usr/bin/cc  -DCHECK_FUNCTION_EXISTS=pthread_create    -rdynamic CMakeFiles/cmTC_09e2b.dir/CheckFunctionExists.c.o  -o cmTC_09e2b -lpthreads 
/usr/bin/ld: -lpthreads kann nicht gefunden werden
collect2: error: ld returned 1 exit status
CMakeFiles/cmTC_09e2b.dir/build.make:97: recipe for target 'cmTC_09e2b' failed
make[1]: *** [cmTC_09e2b] Error 1
make[1]: Verzeichnis „/informatik1/students/home/9reinert/pc20_ws/build/CMakeFiles/CMakeTmp“ wird verlassen
Makefile:126: recipe for target 'cmTC_09e2b/fast' failed
make: *** [cmTC_09e2b/fast] Error 2


